<?xml version="1.0" encoding="UTF-8"?>
<!-- Generated by org.testng.reporters.JUnitReportReporter -->
<testsuite skipped="0" hostname="DESKTOP-49TFP33" name="com.ebay.pages.test.ItemDescriptionPageTest" tests="3" failures="0" timestamp="25 Jul 2018 17:07:15 GMT" time="21.965" errors="0">
  <testcase name="getItemPriceTest" time="17.648" classname="com.ebay.pages.test.ItemDescriptionPageTest"/>
  <testcase name="getItemDescriptionTest" time="0.354" classname="com.ebay.pages.test.ItemDescriptionPageTest"/>
  <testcase name="addToCart" time="3.963" classname="com.ebay.pages.test.ItemDescriptionPageTest"/>
</testsuite> <!-- com.ebay.pages.test.ItemDescriptionPageTest -->
