<?xml version="1.0" encoding="UTF-8"?>
<!-- Generated by org.testng.reporters.JUnitReportReporter -->
<testsuite skipped="0" hostname="DESKTOP-49TFP33" name="com.ebay.pages.test.LoginPageTest" tests="1" failures="0" timestamp="24 Jul 2018 16:00:45 GMT" time="43.545" errors="0">
  <testcase name="loginTest" time="43.545" classname="com.ebay.pages.test.LoginPageTest"/>
</testsuite> <!-- com.ebay.pages.test.LoginPageTest -->
