<?xml version="1.0" encoding="UTF-8"?>
<!-- Generated by org.testng.reporters.JUnitReportReporter -->
<testsuite skipped="0" hostname="DESKTOP-49TFP33" name="com.ebay.pages.test.OrderQuantityPageTest" tests="2" failures="0" timestamp="25 Jul 2018 17:21:02 GMT" time="7.785" errors="0">
  <testcase name="verifyQuantityPageTest" time="3.938" classname="com.ebay.pages.test.OrderQuantityPageTest"/>
  <testcase name="reviewOrder" time="3.847" classname="com.ebay.pages.test.OrderQuantityPageTest"/>
</testsuite> <!-- com.ebay.pages.test.OrderQuantityPageTest -->
