<?xml version="1.0" encoding="UTF-8"?>
<!-- Generated by org.testng.reporters.JUnitReportReporter -->
<testsuite skipped="0" hostname="DESKTOP-49TFP33" name="com.ebay.pages.test.AccountLinkPageTest" tests="2" failures="0" timestamp="24 Jul 2018 19:27:26 GMT" time="19.957" errors="0">
  <testcase name="verifyAccountLinkPageTest" time="15.843" classname="com.ebay.pages.test.AccountLinkPageTest"/>
  <testcase name="doNotLinkAccountTest" time="4.114" classname="com.ebay.pages.test.AccountLinkPageTest"/>
</testsuite> <!-- com.ebay.pages.test.AccountLinkPageTest -->
